{
  "RSpec": {
    "coverage": {
      "/Users/pivotal/railsgirls-london/spec/models/kippt_config_spec.rb": [
        1,
        null,
        1,
        1,
        1,
        4,
        4,
        4,
        null,
        null,
        1,
        1,
        null,
        null,
        1,
        3,
        3,
        3,
        null,
        null,
        null,
        null
      ],
      "/Users/pivotal/railsgirls-london/spec/models/kippt_spec.rb": [
        1,
        null,
        1,
        null,
        1,
        1,
        null,
        9,
        4,
        null,
        1,
        4,
        4,
        null,
        null,
        1,
        1,
        null,
        null,
        1,
        1,
        1,
        null,
        null,
        1,
        1,
        null,
        null,
        1,
        1,
        null,
        null,
        null,
        null,
        1,
        null,
        3,
        null,
        1,
        2,
        2,
        null,
        2,
        null,
        null,
        1,
        1,
        null,
        null,
        1,
        1,
        null,
        null,
        null,
        null
      ]
    },
    "timestamp": 1368895580
  }
}
